Arguments: 
  C:\laragon\bin\nodejs\node-v12\node.exe C:\Users\OmaryJennyPC\AppData\Roaming\npm\node_modules\yarn\bin\yarn.js add firebase

PATH: 
  C:\Users\OmaryJennyPC\AppData\Local\Yarn\config\global\node_modules\.bin;C:\Users\OmaryJennyPC\AppData\Roaming\npm;C:\Users\OmaryJennyPC\AppData\Roaming\Composer\vendor\bin;;C:\laragon\bin\laragon\utils;C:\laragon\bin\mysql\mysql-5.7.24-winx64\bin;C:\laragon\bin\php\php-7.2.19-Win32-VC15-x64;C:\laragon\bin\composer;C:\laragon\bin\apache\httpd-2.4.35-win64-VC15\bin;C:\laragon\bin\redis\redis-x64-3.2.100;C:\laragon\bin\nodejs\node-v12;C:\laragon\bin\nginx\nginx-1.16.0;C:\laragon\bin\notepad++;C:\laragon\bin\telnet;C:\laragon\bin\ngrok;C:\laragon\bin\git\bin;C:\laragon\bin\git\cmd;C:\laragon\bin\git\usr\bin;C:\laragon\bin\git\mingw64\bin;C:\laragon\bin;C:\laragon\usr\bin;C:\laragon\bin\putty;C:\laragon\bin\cmder\bin;C:\Python39\Scripts\;C:\Python39\;C:\Program Files\Common Files\Oracle\Java\javapath;C:\Windows\system32;C:\Windows;C:\Windows\System32\Wbem;C:\Windows\System32\WindowsPowerShell\v1.0\;C:\Program Files (x86)\QuickTime\QTSystem\;C:\laragon\bin\php\php-7.2.19-Win32-VC15-x64;C:\ProgramData\ComposerSetup\bin;C:\Program Files\Git\cmd;C:\Program Files\PuTTY\;C:\ProgramData\chocolatey\bin;C:\Program Files\nodejs\;C:\Program Files\Go\bin;C:\Users\OmaryJennyPC\Anaconda2;C:\Users\OmaryJennyPC\Anaconda2\Scripts;C:\Users\OmaryJennyPC\Anaconda2\Library\bin;C:\Users\OmaryJennyPC\AppData\Local\Microsoft\WindowsApps;C:\Users\OmaryJennyPC\AppData\Roaming\Composer\vendor\bin;C:\Users\OmaryJennyPC\AppData\Local\Programs\Microsoft VS Code\bin;C:\Users\OmaryJennyPC\AppData\Local\GitHubDesktop\bin;C:\Program Files\flutter\bin;C:\Users\OmaryJennyPC\AppData\Roaming\npm;C:\Users\OmaryJennyPC\go\bin;C:\Program Files\Git\usr\bin;C:\Program Files\Git\usr\share\vim\vim74;C:\laragon\bin\cmder\;

Yarn version: 
  1.22.10

Node version: 
  12.5.0

Platform: 
  win32 x64

Trace: 
  Error: EPERM: operation not permitted, unlink 'C:\Users\OmaryJennyPC\Desktop\Practicas\usandoVite\vite-test1\node_modules\esbuild\esbuild.exe'

npm manifest: 
  {
    "name": "vite-test1",
    "version": "0.0.0",
    "scripts": {
      "dev": "vite",
      "build": "vite build",
      "serve": "vite preview"
    },
    "dependencies": {
      "firebase": "^9.0.2",
      "tailwind": "^4.0.0",
      "vue": "^3.2.6"
    },
    "devDependencies": {
      "@vitejs/plugin-vue": "^1.6.1",
      "@vue/compiler-sfc": "^3.2.6",
      "vite": "^2.5.4"
    }
  }

yarn manifest: 
  No manifest

Lockfile: 
  No lockfile
